Using pre-set license
Built from '2022.3/release' branch; Version is '2022.3.18f1 (d29bea25151d) revision 13802474'; Using compiler version '192829333'; Build Type 'Release'
OS: 'Windows 11  (10.0.22631) 64bit Core' Language: 'en' Physical Memory: 16108 MB
BatchMode: 1, IsHumanControllingUs: 0, StartBugReporterOnCrash: 0, Is64bit: 1, IsPro: 1

COMMAND LINE ARGUMENTS:
C:\Program Files\Unity\Hub\Editor\2022.3.18f1\Editor\Unity.exe
-adb2
-batchMode
-noUpm
-name
AssetImportWorker1
-projectPath
C:/Users/mikey/PathfindingV3
-logFile
Logs/AssetImportWorker1.log
-srvPort
54953
Successfully changed project path to: C:/Users/mikey/PathfindingV3
C:/Users/mikey/PathfindingV3
[UnityMemory] Configuration Parameters - Can be set up in boot.config
    "memorysetup-bucket-allocator-granularity=16"
    "memorysetup-bucket-allocator-bucket-count=8"
    "memorysetup-bucket-allocator-block-size=33554432"
    "memorysetup-bucket-allocator-block-count=8"
    "memorysetup-main-allocator-block-size=16777216"
    "memorysetup-thread-allocator-block-size=16777216"
    "memorysetup-gfx-main-allocator-block-size=16777216"
    "memorysetup-gfx-thread-allocator-block-size=16777216"
    "memorysetup-cache-allocator-block-size=4194304"
    "memorysetup-typetree-allocator-block-size=2097152"
    "memorysetup-profiler-bucket-allocator-granularity=16"
    "memorysetup-profiler-bucket-allocator-bucket-count=8"
    "memorysetup-profiler-bucket-allocator-block-size=33554432"
    "memorysetup-profiler-bucket-allocator-block-count=8"
    "memorysetup-profiler-allocator-block-size=16777216"
    "memorysetup-profiler-editor-allocator-block-size=1048576"
    "memorysetup-temp-allocator-size-main=16777216"
    "memorysetup-job-temp-allocator-block-size=2097152"
    "memorysetup-job-temp-allocator-block-size-background=1048576"
    "memorysetup-job-temp-allocator-reduction-small-platforms=262144"
    "memorysetup-allocator-temp-initial-block-size-main=262144"
    "memorysetup-allocator-temp-initial-block-size-worker=262144"
    "memorysetup-temp-allocator-size-background-worker=32768"
    "memorysetup-temp-allocator-size-job-worker=262144"
    "memorysetup-temp-allocator-size-preload-manager=33554432"
    "memorysetup-temp-allocator-size-nav-mesh-worker=65536"
    "memorysetup-temp-allocator-size-audio-worker=65536"
    "memorysetup-temp-allocator-size-cloud-worker=32768"
    "memorysetup-temp-allocator-size-gi-baking-worker=262144"
    "memorysetup-temp-allocator-size-gfx=262144"
Player connection [208] Host "[IP] 169.254.173.198 [Port] 0 [Flags] 2 [Guid] 258835599 [EditorId] 258835599 [Version] 1048832 [Id] WindowsEditor(7,Legion) [Debug] 1 [PackageName] WindowsEditor [ProjectName] Editor" joined multi-casting on [225.0.0.222:54997]...

Player connection [208] Host "[IP] 169.254.173.198 [Port] 0 [Flags] 2 [Guid] 258835599 [EditorId] 258835599 [Version] 1048832 [Id] WindowsEditor(7,Legion) [Debug] 1 [PackageName] WindowsEditor [ProjectName] Editor" joined alternative multi-casting on [225.0.0.222:34997]...

[Physics::Module] Initialized MultithreadedJobDispatcher with 19 workers.
Refreshing native plugins compatible for Editor in 13.32 ms, found 3 plugins.
Preloading 0 native plugins for Editor in 0.00 ms.
Initialize engine version: 2022.3.18f1 (d29bea25151d)
[Subsystems] Discovering subsystems at path C:/Program Files/Unity/Hub/Editor/2022.3.18f1/Editor/Data/Resources/UnitySubsystems
[Subsystems] Discovering subsystems at path C:/Users/mikey/PathfindingV3/Assets
GfxDevice: creating device client; threaded=0; jobified=0
Direct3D:
    Version:  Direct3D 11.0 [level 11.1]
    Renderer: NVIDIA GeForce RTX 3060 Laptop GPU (ID=0x2560)
    Vendor:   NVIDIA
    VRAM:     5996 MB
    Driver:   31.0.15.5222
Initialize mono
Mono path[0] = 'C:/Program Files/Unity/Hub/Editor/2022.3.18f1/Editor/Data/Managed'
Mono path[1] = 'C:/Program Files/Unity/Hub/Editor/2022.3.18f1/Editor/Data/MonoBleedingEdge/lib/mono/unityjit-win32'
Mono config path = 'C:/Program Files/Unity/Hub/Editor/2022.3.18f1/Editor/Data/MonoBleedingEdge/etc'
Using monoOptions --debugger-agent=transport=dt_socket,embedding=1,server=y,suspend=n,address=127.0.0.1:56664
Begin MonoManager ReloadAssembly
Registering precompiled unity dll's ...
Register platform support module: C:/Program Files/Unity/Hub/Editor/2022.3.18f1/Editor/Data/PlaybackEngines/WebGLSupport/UnityEditor.WebGL.Extensions.dll
Register platform support module: C:/Program Files/Unity/Hub/Editor/2022.3.18f1/Editor/Data/PlaybackEngines/WindowsStandaloneSupport/UnityEditor.WindowsStandalone.Extensions.dll
Register platform support module: C:/Program Files/Unity/Hub/Editor/2022.3.18f1/Editor/Data/PlaybackEngines/MetroSupport/UnityEditor.UWP.Extensions.dll
Registered in 0.009949 seconds.
- Loaded All Assemblies, in  0.347 seconds
Native extension for UWP target not found
Native extension for WindowsStandalone target not found
Native extension for WebGL target not found
Mono: successfully reloaded assembly
- Finished resetting the current domain, in  0.276 seconds
Domain Reload Profiling: 621ms
	BeginReloadAssembly (96ms)
		ExecutionOrderSort (0ms)
		DisableScriptedObjects (0ms)
		BackupInstance (0ms)
		ReleaseScriptingObjects (0ms)
		CreateAndSetChildDomain (1ms)
	RebuildCommonClasses (35ms)
	RebuildNativeTypeToScriptingClass (9ms)
	initialDomainReloadingComplete (63ms)
	LoadAllAssembliesAndSetupDomain (142ms)
		LoadAssemblies (94ms)
		RebuildTransferFunctionScriptingTraits (0ms)
		AnalyzeDomain (140ms)
			TypeCache.Refresh (138ms)
				TypeCache.ScanAssembly (126ms)
			ScanForSourceGeneratedMonoScriptInfo (0ms)
			ResolveRequiredComponents (0ms)
	FinalizeReload (277ms)
		ReleaseScriptCaches (0ms)
		RebuildScriptCaches (0ms)
		SetupLoadedEditorAssemblies (223ms)
			LogAssemblyErrors (0ms)
			InitializePlatformSupportModulesInManaged (11ms)
			SetLoadedEditorAssemblies (6ms)
			RefreshPlugins (0ms)
			BeforeProcessingInitializeOnLoad (3ms)
			ProcessInitializeOnLoadAttributes (153ms)
			ProcessInitializeOnLoadMethodAttributes (50ms)
			AfterProcessingInitializeOnLoad (0ms)
			EditorAssembliesLoaded (0ms)
		ExecutionOrderSort2 (0ms)
		AwakeInstancesAfterBackupRestoration (0ms)
========================================================================
Worker process is ready to serve import requests
Begin MonoManager ReloadAssembly
- Loaded All Assemblies, in  0.705 seconds
Refreshing native plugins compatible for Editor in 6.09 ms, found 3 plugins.
Native extension for UWP target not found
Native extension for WindowsStandalone target not found
Native extension for WebGL target not found
Mono: successfully reloaded assembly
- Finished resetting the current domain, in  0.620 seconds
Domain Reload Profiling: 1321ms
	BeginReloadAssembly (136ms)
		ExecutionOrderSort (0ms)
		DisableScriptedObjects (5ms)
		BackupInstance (0ms)
		ReleaseScriptingObjects (0ms)
		CreateAndSetChildDomain (20ms)
	RebuildCommonClasses (31ms)
	RebuildNativeTypeToScriptingClass (9ms)
	initialDomainReloadingComplete (46ms)
	LoadAllAssembliesAndSetupDomain (478ms)
		LoadAssemblies (350ms)
		RebuildTransferFunctionScriptingTraits (0ms)
		AnalyzeDomain (209ms)
			TypeCache.Refresh (186ms)
				TypeCache.ScanAssembly (171ms)
			ScanForSourceGeneratedMonoScriptInfo (17ms)
			ResolveRequiredComponents (4ms)
	FinalizeReload (621ms)
		ReleaseScriptCaches (0ms)
		RebuildScriptCaches (0ms)
		SetupLoadedEditorAssemblies (477ms)
			LogAssemblyErrors (0ms)
			InitializePlatformSupportModulesInManaged (11ms)
			SetLoadedEditorAssemblies (3ms)
			RefreshPlugins (0ms)
			BeforeProcessingInitializeOnLoad (70ms)
			ProcessInitializeOnLoadAttributes (362ms)
			ProcessInitializeOnLoadMethodAttributes (24ms)
			AfterProcessingInitializeOnLoad (7ms)
			EditorAssembliesLoaded (0ms)
		ExecutionOrderSort2 (0ms)
		AwakeInstancesAfterBackupRestoration (8ms)
Launched and connected shader compiler UnityShaderCompiler.exe after 0.07 seconds
Refreshing native plugins compatible for Editor in 18.23 ms, found 3 plugins.
Preloading 0 native plugins for Editor in 0.00 ms.
Unloading 3998 Unused Serialized files (Serialized files now loaded: 0)
Unloading 55 unused Assets / (64.2 KB). Loaded Objects now: 4447.
Memory consumption went from 148.3 MB to 148.2 MB.
Total: 4.386300 ms (FindLiveObjects: 0.401600 ms CreateObjectMapping: 0.189400 ms MarkObjects: 3.527900 ms  DeleteObjects: 0.265200 ms)

AssetImportParameters requested are different than current active one (requested -> active):
  custom:container-demuxer-ogg: 62fdf1f143b41e24485cea50d1cbac27 -> 
  custom:video-codec-MediaFoundation-h265: 746d11721c4dcdbdad8f713fa42b33f4 -> 
  custom:video-decoder-ogg-theora: a1e56fd34408186e4bbccfd4996cb3dc -> 
  custom:framework-win-MediaFoundation: 216162199b28c13a410421893ffa2e32 -> 
  custom:CustomObjectIndexerAttribute: 6d391050e5a25f67b0a2c618074f2cd9 -> 
  custom:container-demuxer-webm: 4f35f7cbe854078d1ac9338744f61a02 -> 
  custom:container-muxer-webm: aa71ff27fc2769a1b78a27578f13a17b -> 
  custom:video-decoder-webm-vp8: 9c59270c3fd7afecdb556c50c9e8de78 -> 
  custom:SearchIndexIgnoredProperties: e643bd26f0fe6173181afceb89e7c659 -> 
  custom:AudioImporter_EditorPlatform: d09bf68614088b80899f8185d706f6e7 -> 
  custom:video-encoder-webm-vp8: eb34c28f22e8b96e1ab97ce403110664 -> 
  custom:audio-decoder-ogg-vorbis: bf7c407c2cedff20999df2af8eb42d56 -> 
  custom:audio-encoder-webm-vorbis: bf7c407c2cedff20999df2af8eb42d56 -> 
========================================================================
Received Import Request.
  Time since last request: 1181660.295115 seconds.
  path: Assets/SimpleLowPolyNature/Prefabs/Grass3.prefab
  artifactKey: Guid(aca4c69ba2792044da19860502518138) Importer(815301076,1909f56bfc062723c751e8b465ee728b)
Start importing Assets/SimpleLowPolyNature/Prefabs/Grass3.prefab using Guid(aca4c69ba2792044da19860502518138) Importer(815301076,1909f56bfc062723c751e8b465ee728b)  -> (artifact id: '09ade03a6746ba979b758ce6fc791cc4') in 0.121516 seconds
Number of updated asset objects reloaded before import = 0
Number of asset objects unloaded after import = 8
========================================================================
Received Import Request.
  Time since last request: 0.000045 seconds.
  path: Assets/SimpleLowPolyNature/Prefabs/Grass4.prefab
  artifactKey: Guid(08bdb42a7413db34e867890b29e20ecd) Importer(815301076,1909f56bfc062723c751e8b465ee728b)
Start importing Assets/SimpleLowPolyNature/Prefabs/Grass4.prefab using Guid(08bdb42a7413db34e867890b29e20ecd) Importer(815301076,1909f56bfc062723c751e8b465ee728b)  -> (artifact id: '1214b208b27d2870e2d09f2a50c02469') in 0.010443 seconds
Number of updated asset objects reloaded before import = 0
Number of asset objects unloaded after import = 8
========================================================================
Received Import Request.
  Time since last request: 0.000019 seconds.
  path: Assets/SimpleLowPolyNature/Prefabs/PlantEx3.prefab
  artifactKey: Guid(87b04a6b131597e4db952f9810390439) Importer(815301076,1909f56bfc062723c751e8b465ee728b)
Start importing Assets/SimpleLowPolyNature/Prefabs/PlantEx3.prefab using Guid(87b04a6b131597e4db952f9810390439) Importer(815301076,1909f56bfc062723c751e8b465ee728b)  -> (artifact id: '09682ae8ba35b4fb785671c17759b5a2') in 0.009207 seconds
Number of updated asset objects reloaded before import = 0
Number of asset objects unloaded after import = 8
========================================================================
Received Import Request.
  Time since last request: 0.000024 seconds.
  path: Assets/SimpleLowPolyNature/Prefabs/PlantEx4.prefab
  artifactKey: Guid(5693a57c90ef40744848833e4aa5eff8) Importer(815301076,1909f56bfc062723c751e8b465ee728b)
Start importing Assets/SimpleLowPolyNature/Prefabs/PlantEx4.prefab using Guid(5693a57c90ef40744848833e4aa5eff8) Importer(815301076,1909f56bfc062723c751e8b465ee728b)  -> (artifact id: '319846f8b3f86b3b5adb5abb9e4b0379') in 0.011906 seconds
Number of updated asset objects reloaded before import = 0
Number of asset objects unloaded after import = 9
========================================================================
Received Import Request.
  Time since last request: 2.476011 seconds.
  path: Assets/SimpleLowPolyNature/Prefabs/Rock6.prefab
  artifactKey: Guid(3f999b6beafe9d249bf9c3a91ff26ff6) Importer(815301076,1909f56bfc062723c751e8b465ee728b)
Start importing Assets/SimpleLowPolyNature/Prefabs/Rock6.prefab using Guid(3f999b6beafe9d249bf9c3a91ff26ff6) Importer(815301076,1909f56bfc062723c751e8b465ee728b)  -> (artifact id: 'cdc3c895cae33a3eab6794a2f9438995') in 0.008882 seconds
Number of updated asset objects reloaded before import = 0
Number of asset objects unloaded after import = 9
========================================================================
Received Import Request.
  Time since last request: 0.048578 seconds.
  path: Assets/SimpleLowPolyNature/Prefabs/Rock9.prefab
  artifactKey: Guid(c2cb5e8a081a26c4a94df01eb6c4e44c) Importer(815301076,1909f56bfc062723c751e8b465ee728b)
Start importing Assets/SimpleLowPolyNature/Prefabs/Rock9.prefab using Guid(c2cb5e8a081a26c4a94df01eb6c4e44c) Importer(815301076,1909f56bfc062723c751e8b465ee728b)  -> (artifact id: 'c5bee637efee03657e37f4dc08022c99') in 0.006374 seconds
Number of updated asset objects reloaded before import = 0
Number of asset objects unloaded after import = 9
========================================================================
Received Import Request.
  Time since last request: 0.050349 seconds.
  path: Assets/SimpleLowPolyNature/Prefabs/Rock12.prefab
  artifactKey: Guid(169e5f050a9f145489237cc7105f3c1d) Importer(815301076,1909f56bfc062723c751e8b465ee728b)
Start importing Assets/SimpleLowPolyNature/Prefabs/Rock12.prefab using Guid(169e5f050a9f145489237cc7105f3c1d) Importer(815301076,1909f56bfc062723c751e8b465ee728b)  -> (artifact id: 'd92f9610ea5914f6f97d7e5eac8b036f') in 0.006254 seconds
Number of updated asset objects reloaded before import = 0
Number of asset objects unloaded after import = 9
========================================================================
Received Import Request.
  Time since last request: 18.710901 seconds.
  path: Assets/SimpleLowPolyNature/Models/Plant3.fbx
  artifactKey: Guid(bcd65237e57a75348badd8c90f53bcd0) Importer(815301076,1909f56bfc062723c751e8b465ee728b)
Start importing Assets/SimpleLowPolyNature/Models/Plant3.fbx using Guid(bcd65237e57a75348badd8c90f53bcd0) Importer(815301076,1909f56bfc062723c751e8b465ee728b)  -> (artifact id: 'f7089f3ae001afb27a7082a11adff7cc') in 0.030880 seconds
Number of updated asset objects reloaded before import = 0
Number of asset objects unloaded after import = 7
========================================================================
Received Import Request.
  Time since last request: 0.000018 seconds.
  path: Assets/SimpleLowPolyNature/Models/TreeDead1.fbx
  artifactKey: Guid(0b3d8d7f8b41322499664c115aa6ca90) Importer(815301076,1909f56bfc062723c751e8b465ee728b)
Start importing Assets/SimpleLowPolyNature/Models/TreeDead1.fbx using Guid(0b3d8d7f8b41322499664c115aa6ca90) Importer(815301076,1909f56bfc062723c751e8b465ee728b)  -> (artifact id: '6e45b9f0f950f7acd9415f945898fcb6') in 0.034645 seconds
Number of updated asset objects reloaded before import = 0
Number of asset objects unloaded after import = 7
========================================================================
Received Import Request.
  Time since last request: 0.000041 seconds.
  path: Assets/SimpleLowPolyNature/Models/Rock11.fbx
  artifactKey: Guid(eaac711c8733edd43828a7a4976ee8f8) Importer(815301076,1909f56bfc062723c751e8b465ee728b)
Start importing Assets/SimpleLowPolyNature/Models/Rock11.fbx using Guid(eaac711c8733edd43828a7a4976ee8f8) Importer(815301076,1909f56bfc062723c751e8b465ee728b)  -> (artifact id: '63963ba6dbbdee7237181692be237ca7') in 0.017421 seconds
Number of updated asset objects reloaded before import = 0
Number of asset objects unloaded after import = 7
========================================================================
Received Import Request.
  Time since last request: 0.000018 seconds.
  path: Assets/SimpleLowPolyNature/Models/TreeStump1.fbx
  artifactKey: Guid(71e7cb600453b0a4791c471c86dcb60a) Importer(815301076,1909f56bfc062723c751e8b465ee728b)
Start importing Assets/SimpleLowPolyNature/Models/TreeStump1.fbx using Guid(71e7cb600453b0a4791c471c86dcb60a) Importer(815301076,1909f56bfc062723c751e8b465ee728b)  -> (artifact id: 'a7dfe1e5dd6bed5dbc3a8652429fccea') in 0.014251 seconds
Number of updated asset objects reloaded before import = 0
Number of asset objects unloaded after import = 7
========================================================================
Received Import Request.
  Time since last request: 0.000029 seconds.
  path: Assets/SimpleLowPolyNature/Models/Rock8.fbx
  artifactKey: Guid(432dbfb06e4b27c4685dd4b73d12867a) Importer(815301076,1909f56bfc062723c751e8b465ee728b)
Start importing Assets/SimpleLowPolyNature/Models/Rock8.fbx using Guid(432dbfb06e4b27c4685dd4b73d12867a) Importer(815301076,1909f56bfc062723c751e8b465ee728b)  -> (artifact id: '4f9ac842b7db38916c5e0d009d6a4330') in 0.022131 seconds
Number of updated asset objects reloaded before import = 0
Number of asset objects unloaded after import = 7
========================================================================
Received Import Request.
  Time since last request: 0.000014 seconds.
  path: Assets/SimpleLowPolyNature/Models/WoodFence1.fbx
  artifactKey: Guid(c699e5b3f6b327a409822e3e22e386dd) Importer(815301076,1909f56bfc062723c751e8b465ee728b)
Start importing Assets/SimpleLowPolyNature/Models/WoodFence1.fbx using Guid(c699e5b3f6b327a409822e3e22e386dd) Importer(815301076,1909f56bfc062723c751e8b465ee728b)  -> (artifact id: '8d29e270711c8c482a4711530b84d384') in 0.027837 seconds
Number of updated asset objects reloaded before import = 0
Number of asset objects unloaded after import = 7
========================================================================
Received Import Request.
  Time since last request: 1.277781 seconds.
  path: Assets/SimpleLowPolyNature/Models/Ivy1.fbx
  artifactKey: Guid(f5c94a9017473824b95fdbc555580349) Importer(815301076,1909f56bfc062723c751e8b465ee728b)
Start importing Assets/SimpleLowPolyNature/Models/Ivy1.fbx using Guid(f5c94a9017473824b95fdbc555580349) Importer(815301076,1909f56bfc062723c751e8b465ee728b)  -> (artifact id: 'a7a801788580a1a661ee91a588b8e4d8') in 0.010242 seconds
Number of updated asset objects reloaded before import = 0
Number of asset objects unloaded after import = 7
========================================================================
Received Import Request.
  Time since last request: 4.242256 seconds.
  path: Assets/SimpleLowPolyNature/Materials/EmissionYellowMat.mat
  artifactKey: Guid(a23517422c44285409996ebf0584f793) Importer(815301076,1909f56bfc062723c751e8b465ee728b)
Start importing Assets/SimpleLowPolyNature/Materials/EmissionYellowMat.mat using Guid(a23517422c44285409996ebf0584f793) Importer(815301076,1909f56bfc062723c751e8b465ee728b)  -> (artifact id: '438a2c99f88d1a700e7f07275647065b') in 0.021063 seconds
Number of updated asset objects reloaded before import = 0
Number of asset objects unloaded after import = 1
========================================================================
Received Import Request.
  Time since last request: 0.000014 seconds.
  path: Assets/SimpleLowPolyNature/Materials/TreeRedMat.mat
  artifactKey: Guid(f154dff7fb489d2499686dc9f08c626a) Importer(815301076,1909f56bfc062723c751e8b465ee728b)
Start importing Assets/SimpleLowPolyNature/Materials/TreeRedMat.mat using Guid(f154dff7fb489d2499686dc9f08c626a) Importer(815301076,1909f56bfc062723c751e8b465ee728b)  -> (artifact id: '3841e6ff5f65943e9a410ab1d7c6328c') in 0.006926 seconds
Number of updated asset objects reloaded before import = 0
Number of asset objects unloaded after import = 1
========================================================================
Received Import Request.
  Time since last request: 0.000015 seconds.
  path: Assets/SimpleLowPolyNature/Materials/Mushroom3Mat.mat
  artifactKey: Guid(23f92ab09af350146b1d22ca67ed7887) Importer(815301076,1909f56bfc062723c751e8b465ee728b)
Start importing Assets/SimpleLowPolyNature/Materials/Mushroom3Mat.mat using Guid(23f92ab09af350146b1d22ca67ed7887) Importer(815301076,1909f56bfc062723c751e8b465ee728b)  -> (artifact id: '2964a75322687492e1dfa78121354efb') in 0.011085 seconds
Number of updated asset objects reloaded before import = 0
Number of asset objects unloaded after import = 1
========================================================================
Received Import Request.
  Time since last request: 0.000017 seconds.
  path: Assets/SimpleLowPolyNature/Materials/Wood1Mat.mat
  artifactKey: Guid(57f391477e46ecd44af6579114e37dfb) Importer(815301076,1909f56bfc062723c751e8b465ee728b)
Start importing Assets/SimpleLowPolyNature/Materials/Wood1Mat.mat using Guid(57f391477e46ecd44af6579114e37dfb) Importer(815301076,1909f56bfc062723c751e8b465ee728b)  -> (artifact id: '776ad95a8c7230cfd901a47563cddb53') in 0.008722 seconds
Number of updated asset objects reloaded before import = 0
Number of asset objects unloaded after import = 1
========================================================================
Received Import Request.
  Time since last request: 0.000047 seconds.
  path: Assets/SimpleLowPolyNature/Materials/TreeOrangeMat.mat
  artifactKey: Guid(33535d2d31f89e846b6ec7c60219cb96) Importer(815301076,1909f56bfc062723c751e8b465ee728b)
Start importing Assets/SimpleLowPolyNature/Materials/TreeOrangeMat.mat using Guid(33535d2d31f89e846b6ec7c60219cb96) Importer(815301076,1909f56bfc062723c751e8b465ee728b)  -> (artifact id: '3ed4c8de2171f409449883fd0c67c936') in 0.011185 seconds
Number of updated asset objects reloaded before import = 0
Number of asset objects unloaded after import = 1
========================================================================
Received Import Request.
  Time since last request: 0.000056 seconds.
  path: Assets/SimpleLowPolyNature/Materials/TreeYellowMat.mat
  artifactKey: Guid(1b3799f72f9aa654d9f7a3787feef4ee) Importer(815301076,1909f56bfc062723c751e8b465ee728b)
Start importing Assets/SimpleLowPolyNature/Materials/TreeYellowMat.mat using Guid(1b3799f72f9aa654d9f7a3787feef4ee) Importer(815301076,1909f56bfc062723c751e8b465ee728b)  -> (artifact id: 'b6819af5603427ce8cd794fa90b8c695') in 0.010359 seconds
Number of updated asset objects reloaded before import = 0
Number of asset objects unloaded after import = 1
========================================================================
Received Import Request.
  Time since last request: 0.000161 seconds.
  path: Assets/SimpleLowPolyNature/Materials/TreePinkMat.mat
  artifactKey: Guid(e8231e5e093c804458795712745c4041) Importer(815301076,1909f56bfc062723c751e8b465ee728b)
Start importing Assets/SimpleLowPolyNature/Materials/TreePinkMat.mat using Guid(e8231e5e093c804458795712745c4041) Importer(815301076,1909f56bfc062723c751e8b465ee728b)  -> (artifact id: 'ed6b19b81aca3a36bb4b4a23d00317cb') in 0.011296 seconds
Number of updated asset objects reloaded before import = 0
Number of asset objects unloaded after import = 1
========================================================================
Received Import Request.
  Time since last request: 0.000019 seconds.
  path: Assets/SimpleLowPolyNature/Materials/Flower3Mat.mat
  artifactKey: Guid(ef2c3380ea506a54a96b15b9518d303e) Importer(815301076,1909f56bfc062723c751e8b465ee728b)
Start importing Assets/SimpleLowPolyNature/Materials/Flower3Mat.mat using Guid(ef2c3380ea506a54a96b15b9518d303e) Importer(815301076,1909f56bfc062723c751e8b465ee728b)  -> (artifact id: 'ab156f0fa1b569480c7d61884e952dcd') in 0.011011 seconds
Number of updated asset objects reloaded before import = 0
Number of asset objects unloaded after import = 1
Editor requested this worker to shutdown with reason: Scaling down because of idle timeout
TcpMessagingSession - receive error: operation aborted. errorcode: 995, details: The I/O operation has been aborted because of either a thread exit or an application request.
AssetImportWorker is now disconnected from the server
Process exiting
Exiting without the bug reporter. Application will terminate with return code 0